<?xml version="1.0" encoding="UTF-8"?>
<!-- Generated by org.testng.reporters.JUnitReportReporter -->
<testsuite hostname="DESKTOP-0BKCJVS" failures="0" tests="4" name="com.iftas.methodsTest.TechnologiesTest" time="32.675" errors="0" timestamp="26 Nov 2021 06:38:12 GMT" skipped="0">
  <testcase classname="com.iftas.methodsTest.TechnologiesTest" name="loginDetails" time="1.252"/>
  <testcase classname="com.iftas.methodsTest.TechnologiesTest" name="Activate" time="13.334"/>
  <testcase classname="com.iftas.methodsTest.TechnologiesTest" name="Deactivate" time="13.234"/>
  <testcase classname="com.iftas.methodsTest.TechnologiesTest" name="logout" time="4.855"/>
</testsuite> <!-- com.iftas.methodsTest.TechnologiesTest -->
