<?xml version="1.0" encoding="UTF-8"?>
<!-- Generated by org.testng.reporters.JUnitReportReporter -->
<testsuite hostname="DESKTOP-0BKCJVS" failures="0" tests="3" name="com.iftas.methodsTest.TestTypesTest" time="20.715" errors="0" timestamp="26 Nov 2021 06:38:12 GMT" skipped="0">
  <testcase classname="com.iftas.methodsTest.TestTypesTest" name="loginDetails" time="1.111"/>
  <testcase classname="com.iftas.methodsTest.TestTypesTest" name="Activate" time="14.738"/>
  <testcase classname="com.iftas.methodsTest.TestTypesTest" name="logout" time="4.866"/>
</testsuite> <!-- com.iftas.methodsTest.TestTypesTest -->
