<?xml version="1.0" encoding="UTF-8"?>
<!-- Generated by org.testng.reporters.JUnitReportReporter -->
<testsuite hostname="DESKTOP-0BKCJVS" failures="0" tests="6" name="com.iftas.methodsTest.AddEnvironmentsTest" time="34.691" errors="0" timestamp="26 Nov 2021 06:38:12 GMT" skipped="0">
  <testcase classname="com.iftas.methodsTest.AddEnvironmentsTest" name="loginDetails" time="1.084"/>
  <testcase classname="com.iftas.methodsTest.AddEnvironmentsTest" name="CreateEnvironment" time="2.894"/>
  <testcase classname="com.iftas.methodsTest.AddEnvironmentsTest" name="enterDetails" time="5.304"/>
  <testcase classname="com.iftas.methodsTest.AddEnvironmentsTest" name="editEnvironment" time="8.020"/>
  <testcase classname="com.iftas.methodsTest.AddEnvironmentsTest" name="deleteEnvironment" time="12.335"/>
  <testcase classname="com.iftas.methodsTest.AddEnvironmentsTest" name="logout" time="5.054"/>
</testsuite> <!-- com.iftas.methodsTest.AddEnvironmentsTest -->
