<?xml version="1.0" encoding="UTF-8"?>
<!-- Generated by org.testng.reporters.JUnitReportReporter -->
<testsuite hostname="DESKTOP-0BKCJVS" failures="0" tests="6" name="com.iftas.methodsTest.AddEnvironmentsTest" time="34.523" errors="0" timestamp="30 Nov 2021 05:02:08 GMT" skipped="0">
  <testcase classname="com.iftas.methodsTest.AddEnvironmentsTest" name="loginDetails" time="1.215"/>
  <testcase classname="com.iftas.methodsTest.AddEnvironmentsTest" name="CreateEnvironment" time="2.896"/>
  <testcase classname="com.iftas.methodsTest.AddEnvironmentsTest" name="enterDetails" time="5.051"/>
  <testcase classname="com.iftas.methodsTest.AddEnvironmentsTest" name="editEnvironment" time="7.903"/>
  <testcase classname="com.iftas.methodsTest.AddEnvironmentsTest" name="deleteEnvironment" time="12.589"/>
  <testcase classname="com.iftas.methodsTest.AddEnvironmentsTest" name="logout" time="4.869"/>
</testsuite> <!-- com.iftas.methodsTest.AddEnvironmentsTest -->
