<?xml version="1.0" encoding="UTF-8"?>
<!-- Generated by org.testng.reporters.JUnitReportReporter -->
<testsuite hostname="DESKTOP-0BKCJVS" failures="0" tests="8" name="com.iftas.methodsTest.LoginTest" time="34.178" errors="0" timestamp="30 Nov 2021 05:02:08 GMT" skipped="0">
  <testcase classname="com.iftas.methodsTest.LoginTest" name="loginDetails" time="1.247"/>
  <testcase classname="com.iftas.methodsTest.LoginTest" name="logoutDetails" time="4.931"/>
  <testcase classname="com.iftas.methodsTest.LoginTest" name="invalidLogin" time="5.246"/>
  <testcase classname="com.iftas.methodsTest.LoginTest" name="textClear" time="5.251"/>
  <testcase classname="com.iftas.methodsTest.LoginTest" name="invalidPass" time="5.794"/>
  <testcase classname="com.iftas.methodsTest.LoginTest" name="cleartext" time="5.212"/>
  <testcase classname="com.iftas.methodsTest.LoginTest" name="loginData" time="0.977"/>
  <testcase classname="com.iftas.methodsTest.LoginTest" name="logout" time="5.520"/>
</testsuite> <!-- com.iftas.methodsTest.LoginTest -->
