<?xml version="1.0" encoding="UTF-8"?>
<!-- Generated by org.testng.reporters.JUnitReportReporter -->
<testsuite hostname="DESKTOP-0BKCJVS" failures="0" tests="5" name="com.iftas.methodsTest.AddRoleTest" time="45.618" errors="0" timestamp="26 Nov 2021 11:21:26 GMT" skipped="0">
  <testcase classname="com.iftas.methodsTest.AddRoleTest" name="loginDetails" time="0.736"/>
  <testcase classname="com.iftas.methodsTest.AddRoleTest" name="CreateRole" time="22.760"/>
  <testcase classname="com.iftas.methodsTest.AddRoleTest" name="DeleteRole" time="6.623"/>
  <testcase classname="com.iftas.methodsTest.AddRoleTest" name="addmem" time="11.040"/>
  <testcase classname="com.iftas.methodsTest.AddRoleTest" name="logout" time="4.459"/>
</testsuite> <!-- com.iftas.methodsTest.AddRoleTest -->
