<?xml version="1.0" encoding="UTF-8"?>
<!-- Generated by org.testng.reporters.JUnitReportReporter -->
<testsuite hostname="DESKTOP-0BKCJVS" failures="0" tests="5" name="com.iftas.methodsTest.AddRoleTest" time="50.637" errors="0" timestamp="30 Nov 2021 05:02:08 GMT" skipped="0">
  <testcase classname="com.iftas.methodsTest.AddRoleTest" name="loginDetails" time="1.183"/>
  <testcase classname="com.iftas.methodsTest.AddRoleTest" name="CreateRole" time="24.719"/>
  <testcase classname="com.iftas.methodsTest.AddRoleTest" name="DeleteRole" time="7.672"/>
  <testcase classname="com.iftas.methodsTest.AddRoleTest" name="addmem" time="12.090"/>
  <testcase classname="com.iftas.methodsTest.AddRoleTest" name="logout" time="4.973"/>
</testsuite> <!-- com.iftas.methodsTest.AddRoleTest -->
