<?xml version="1.0" encoding="UTF-8"?>
<!-- Generated by org.testng.reporters.JUnitReportReporter -->
<testsuite hostname="DESKTOP-0BKCJVS" failures="0" tests="4" name="com.iftas.methodsTest.TechnologiesTest" time="32.663" errors="0" timestamp="30 Nov 2021 05:02:08 GMT" skipped="0">
  <testcase classname="com.iftas.methodsTest.TechnologiesTest" name="loginDetails" time="1.088"/>
  <testcase classname="com.iftas.methodsTest.TechnologiesTest" name="Activate" time="13.410"/>
  <testcase classname="com.iftas.methodsTest.TechnologiesTest" name="Deactivate" time="13.108"/>
  <testcase classname="com.iftas.methodsTest.TechnologiesTest" name="logout" time="5.057"/>
</testsuite> <!-- com.iftas.methodsTest.TechnologiesTest -->
