<?xml version="1.0" encoding="UTF-8"?>
<!-- Generated by org.testng.reporters.JUnitReportReporter -->
<testsuite hostname="DESKTOP-0BKCJVS" failures="0" tests="8" name="com.iftas.methodsTest.LoginTest" time="33.935" errors="0" timestamp="26 Nov 2021 06:38:12 GMT" skipped="0">
  <testcase classname="com.iftas.methodsTest.LoginTest" name="loginDetails" time="1.199"/>
  <testcase classname="com.iftas.methodsTest.LoginTest" name="logoutDetails" time="4.963"/>
  <testcase classname="com.iftas.methodsTest.LoginTest" name="invalidLogin" time="5.627"/>
  <testcase classname="com.iftas.methodsTest.LoginTest" name="textClear" time="5.308"/>
  <testcase classname="com.iftas.methodsTest.LoginTest" name="invalidPass" time="5.278"/>
  <testcase classname="com.iftas.methodsTest.LoginTest" name="cleartext" time="5.293"/>
  <testcase classname="com.iftas.methodsTest.LoginTest" name="loginData" time="1.449"/>
  <testcase classname="com.iftas.methodsTest.LoginTest" name="logout" time="4.818"/>
</testsuite> <!-- com.iftas.methodsTest.LoginTest -->
