<?xml version="1.0" encoding="UTF-8"?>
<!-- Generated by org.testng.reporters.JUnitReportReporter -->
<testsuite hostname="DESKTOP-0BKCJVS" failures="0" tests="3" name="com.iftas.methodsTest.TestTypesTest" time="20.910" errors="0" timestamp="30 Nov 2021 05:02:08 GMT" skipped="0">
  <testcase classname="com.iftas.methodsTest.TestTypesTest" name="loginDetails" time="1.210"/>
  <testcase classname="com.iftas.methodsTest.TestTypesTest" name="Activate" time="14.764"/>
  <testcase classname="com.iftas.methodsTest.TestTypesTest" name="logout" time="4.936"/>
</testsuite> <!-- com.iftas.methodsTest.TestTypesTest -->
